*** Starting uWSGI 2.0.19.1 (64bit) on [Mon Feb  1 15:29:19 2021] ***
compiled with version: 9.3.0 on 01 February 2021 12:28:46
os: Linux-5.4.0-1036-gcp #39-Ubuntu SMP Thu Jan 14 18:41:17 UTC 2021
nodename: django-server
machine: x86_64
clock source: unix
detected number of CPU cores: 2
current working directory: /home/cohitai/djangoproj/djangoblz
detected binary path: /home/cohitai/env/md/bin/uwsgi
!!! no internal routing support, rebuild with pcre support !!!
chdir() to /home/cohitai/djangoproj/djangoblz/
your processes number limit is 15710
your memory page size is 4096 bytes
detected max file descriptor number: 1024
lock engine: pthread robust mutexes
thunder lock: disabled (you can enable it with --thunder-lock)
uwsgi socket 0 bound to UNIX address /home/cohitai/djangoproj/djangoblz/djangoblz.sock fd 3
Python version: 3.8.5 (default, Jul 28 2020, 12:59:40)  [GCC 9.3.0]
PEP 405 virtualenv detected: /home/cohitai/env/md
Set PythonHome to /home/cohitai/env/md
*** Python threads support is disabled. You can enable it with --enable-threads ***
Python main interpreter initialized at 0x5654fb4317e0
your server socket listen backlog is limited to 100 connections
your mercy for graceful operations on workers is 60 seconds
mapped 801944 bytes (783 KB) for 10 cores
*** Operational MODE: preforking ***
WSGI app 0 (mountpoint='') ready in 0 seconds on interpreter 0x5654fb4317e0 pid: 2507 (default app)
*** uWSGI is running in multiple interpreter mode ***
spawned uWSGI master process (pid: 2507)
spawned uWSGI worker 1 (pid: 2509, cores: 1)
spawned uWSGI worker 2 (pid: 2510, cores: 1)
spawned uWSGI worker 3 (pid: 2511, cores: 1)
spawned uWSGI worker 4 (pid: 2512, cores: 1)
spawned uWSGI worker 5 (pid: 2513, cores: 1)
spawned uWSGI worker 6 (pid: 2514, cores: 1)
spawned uWSGI worker 7 (pid: 2515, cores: 1)
spawned uWSGI worker 8 (pid: 2516, cores: 1)
spawned uWSGI worker 9 (pid: 2517, cores: 1)
spawned uWSGI worker 10 (pid: 2518, cores: 1)
[pid: 2516|app: 0|req: 1/1] 217.27.204.228 () {42 vars in 795 bytes} [Mon Feb  1 15:29:36 2021] GET / => generated 16351 bytes in 17 msecs (HTTP/1.1 200) 5 headers in 153 bytes (1 switches on core 0)
[pid: 2516|app: 0|req: 2/2] 217.27.204.228 () {42 vars in 795 bytes} [Mon Feb  1 15:29:39 2021] GET / => generated 16351 bytes in 3 msecs (HTTP/1.1 200) 5 headers in 153 bytes (1 switches on core 0)
*** Starting uWSGI 2.0.19.1 (64bit) on [Mon Feb  1 15:41:44 2021] ***
compiled with version: 9.3.0 on 01 February 2021 12:28:46
os: Linux-5.4.0-1036-gcp #39-Ubuntu SMP Thu Jan 14 18:41:17 UTC 2021
nodename: django-server
machine: x86_64
clock source: unix
detected number of CPU cores: 2
current working directory: /home/cohitai/env/md/vassals
detected binary path: /home/cohitai/env/md/bin/uwsgi
!!! no internal routing support, rebuild with pcre support !!!
chdir() to /home/cohitai/djangoproj/djangoblz/
your processes number limit is 15710
your memory page size is 4096 bytes
detected max file descriptor number: 1024
lock engine: pthread robust mutexes
thunder lock: disabled (you can enable it with --thunder-lock)
uwsgi socket 0 bound to UNIX address /home/cohitai/djangoproj/djangoblz/djangoblz.sock fd 3
Python version: 3.8.5 (default, Jul 28 2020, 12:59:40)  [GCC 9.3.0]
PEP 405 virtualenv detected: /home/cohitai/env/md
Set PythonHome to /home/cohitai/env/md
*** Python threads support is disabled. You can enable it with --enable-threads ***
Python main interpreter initialized at 0x556801903710
your server socket listen backlog is limited to 100 connections
your mercy for graceful operations on workers is 60 seconds
mapped 801944 bytes (783 KB) for 10 cores
*** Operational MODE: preforking ***
WSGI app 0 (mountpoint='') ready in 0 seconds on interpreter 0x556801903710 pid: 2686 (default app)
*** uWSGI is running in multiple interpreter mode ***
spawned uWSGI master process (pid: 2686)
spawned uWSGI worker 1 (pid: 2688, cores: 1)
spawned uWSGI worker 2 (pid: 2689, cores: 1)
spawned uWSGI worker 3 (pid: 2690, cores: 1)
spawned uWSGI worker 4 (pid: 2691, cores: 1)
spawned uWSGI worker 5 (pid: 2692, cores: 1)
spawned uWSGI worker 6 (pid: 2693, cores: 1)
spawned uWSGI worker 7 (pid: 2694, cores: 1)
spawned uWSGI worker 8 (pid: 2695, cores: 1)
spawned uWSGI worker 9 (pid: 2696, cores: 1)
spawned uWSGI worker 10 (pid: 2697, cores: 1)
[pid: 2697|app: 0|req: 1/1] 217.27.204.228 () {42 vars in 795 bytes} [Mon Feb  1 15:41:58 2021] GET / => generated 16351 bytes in 15 msecs (HTTP/1.1 200) 5 headers in 153 bytes (1 switches on core 0)
announcing my loyalty to the Emperor...
[pid: 2692|app: 0|req: 1/2] 217.27.204.228 () {42 vars in 795 bytes} [Mon Feb  1 15:42:05 2021] GET / => generated 16351 bytes in 15 msecs (HTTP/1.1 200) 5 headers in 153 bytes (1 switches on core 0)
announcing my loyalty to the Emperor...
[pid: 2692|app: 0|req: 2/3] 217.27.204.228 () {42 vars in 795 bytes} [Mon Feb  1 15:42:16 2021] GET / => generated 16351 bytes in 3 msecs (HTTP/1.1 200) 5 headers in 153 bytes (1 switches on core 0)
[pid: 2693|app: 0|req: 1/4] 217.27.204.228 () {42 vars in 795 bytes} [Mon Feb  1 15:42:22 2021] GET / => generated 16351 bytes in 18 msecs (HTTP/1.1 200) 5 headers in 153 bytes (1 switches on core 0)
announcing my loyalty to the Emperor...
[pid: 2696|app: 0|req: 1/5] 217.27.204.228 () {42 vars in 795 bytes} [Mon Feb  1 15:42:23 2021] GET / => generated 16351 bytes in 19 msecs (HTTP/1.1 200) 5 headers in 153 bytes (1 switches on core 0)
announcing my loyalty to the Emperor...
[pid: 2694|app: 0|req: 1/6] 217.27.204.228 () {42 vars in 795 bytes} [Mon Feb  1 15:42:24 2021] GET / => generated 16351 bytes in 21 msecs (HTTP/1.1 200) 5 headers in 153 bytes (1 switches on core 0)
announcing my loyalty to the Emperor...
SIGINT/SIGQUIT received...killing workers...
Mon Feb  1 16:01:44 2021 - received message 0 from emperor
worker 1 buried after 1 seconds
worker 2 buried after 1 seconds
worker 3 buried after 1 seconds
worker 4 buried after 1 seconds
worker 5 buried after 1 seconds
worker 6 buried after 1 seconds
worker 7 buried after 1 seconds
worker 8 buried after 1 seconds
worker 9 buried after 1 seconds
worker 10 buried after 1 seconds
goodbye to uWSGI.
VACUUM: unix socket /home/cohitai/djangoproj/djangoblz/djangoblz.sock removed.
*** Starting uWSGI 2.0.19.1 (64bit) on [Mon Feb  1 16:02:31 2021] ***
compiled with version: 9.3.0 on 01 February 2021 12:28:46
os: Linux-5.4.0-1036-gcp #39-Ubuntu SMP Thu Jan 14 18:41:17 UTC 2021
nodename: django-server
machine: x86_64
clock source: unix
detected number of CPU cores: 2
current working directory: /home/cohitai/env/md/vassals
detected binary path: /home/cohitai/env/md/bin/uwsgi
!!! no internal routing support, rebuild with pcre support !!!
chdir() to /home/cohitai/djangoproj/djangoblz/
your processes number limit is 15710
your memory page size is 4096 bytes
detected max file descriptor number: 1024
lock engine: pthread robust mutexes
thunder lock: disabled (you can enable it with --thunder-lock)
uwsgi socket 0 bound to UNIX address /home/cohitai/djangoproj/djangoblz/djangoblz.sock fd 3
Python version: 3.8.5 (default, Jul 28 2020, 12:59:40)  [GCC 9.3.0]
PEP 405 virtualenv detected: /home/cohitai/env/md
Set PythonHome to /home/cohitai/env/md
*** Python threads support is disabled. You can enable it with --enable-threads ***
Python main interpreter initialized at 0x564b323ccb80
your server socket listen backlog is limited to 100 connections
your mercy for graceful operations on workers is 60 seconds
mapped 801944 bytes (783 KB) for 10 cores
*** Operational MODE: preforking ***
WSGI app 0 (mountpoint='') ready in 0 seconds on interpreter 0x564b323ccb80 pid: 2991 (default app)
*** uWSGI is running in multiple interpreter mode ***
spawned uWSGI master process (pid: 2991)
spawned uWSGI worker 1 (pid: 2999, cores: 1)
spawned uWSGI worker 2 (pid: 3000, cores: 1)
spawned uWSGI worker 3 (pid: 3001, cores: 1)
spawned uWSGI worker 4 (pid: 3002, cores: 1)
spawned uWSGI worker 5 (pid: 3003, cores: 1)
spawned uWSGI worker 6 (pid: 3004, cores: 1)
spawned uWSGI worker 7 (pid: 3005, cores: 1)
spawned uWSGI worker 8 (pid: 3006, cores: 1)
spawned uWSGI worker 9 (pid: 3007, cores: 1)
spawned uWSGI worker 10 (pid: 3008, cores: 1)
[pid: 3007|app: 0|req: 1/1] 217.27.204.228 () {42 vars in 795 bytes} [Mon Feb  1 16:02:42 2021] GET / => generated 16351 bytes in 19 msecs (HTTP/1.1 200) 5 headers in 153 bytes (2 switches on core 0)
announcing my loyalty to the Emperor...
[pid: 3008|app: 0|req: 1/2] 217.27.204.228 () {42 vars in 795 bytes} [Mon Feb  1 16:02:43 2021] GET / => generated 16351 bytes in 19 msecs (HTTP/1.1 200) 5 headers in 153 bytes (2 switches on core 0)
announcing my loyalty to the Emperor...
[pid: 3005|app: 0|req: 1/3] 217.27.204.228 () {42 vars in 795 bytes} [Mon Feb  1 16:02:45 2021] GET / => generated 16351 bytes in 16 msecs (HTTP/1.1 200) 5 headers in 153 bytes (2 switches on core 0)
announcing my loyalty to the Emperor...
[pid: 3006|app: 0|req: 1/4] 217.27.204.228 () {42 vars in 795 bytes} [Mon Feb  1 16:02:45 2021] GET / => generated 16351 bytes in 15 msecs (HTTP/1.1 200) 5 headers in 153 bytes (2 switches on core 0)
announcing my loyalty to the Emperor...
[pid: 3008|app: 0|req: 2/5] 217.27.204.228 () {40 vars in 774 bytes} [Mon Feb  1 16:03:28 2021] GET / => generated 16351 bytes in 4 msecs (HTTP/1.1 200) 5 headers in 153 bytes (1 switches on core 0)
Not Found: /favicon.ico
[pid: 3005|app: 0|req: 2/6] 217.27.204.228 () {40 vars in 738 bytes} [Mon Feb  1 16:03:28 2021] GET /favicon.ico => generated 1985 bytes in 8 msecs (HTTP/1.1 404) 5 headers in 159 bytes (1 switches on core 0)
Mon Feb  1 16:04:52 2021 - received message 0 from emperor
SIGINT/SIGQUIT received...killing workers...
...brutally killing workers...
worker 1 buried after 0 seconds
worker 2 buried after 1 seconds
worker 3 buried after 1 seconds
worker 4 buried after 1 seconds
worker 5 buried after 1 seconds
worker 6 buried after 1 seconds
worker 7 buried after 1 seconds
worker 8 buried after 1 seconds
worker 9 buried after 1 seconds
worker 10 buried after 1 seconds
goodbye to uWSGI.
VACUUM: unix socket /home/cohitai/djangoproj/djangoblz/djangoblz.sock removed.
*** Starting uWSGI 2.0.19.1 (64bit) on [Mon Feb  1 16:05:27 2021] ***
compiled with version: 9.3.0 on 01 February 2021 12:28:46
os: Linux-5.4.0-1036-gcp #39-Ubuntu SMP Thu Jan 14 18:41:17 UTC 2021
nodename: django-server
machine: x86_64
clock source: unix
detected number of CPU cores: 2
current working directory: /home/cohitai/env/md/vassals
detected binary path: /home/cohitai/env/md/bin/uwsgi
!!! no internal routing support, rebuild with pcre support !!!
chdir() to /home/cohitai/djangoproj/djangoblz/
your processes number limit is 15710
your memory page size is 4096 bytes
detected max file descriptor number: 1024
lock engine: pthread robust mutexes
thunder lock: disabled (you can enable it with --thunder-lock)
uwsgi socket 0 bound to UNIX address /home/cohitai/djangoproj/djangoblz/djangoblz.sock fd 3
Python version: 3.8.5 (default, Jul 28 2020, 12:59:40)  [GCC 9.3.0]
PEP 405 virtualenv detected: /home/cohitai/env/md
Set PythonHome to /home/cohitai/env/md
*** Python threads support is disabled. You can enable it with --enable-threads ***
Python main interpreter initialized at 0x5568ff267b80
your server socket listen backlog is limited to 100 connections
your mercy for graceful operations on workers is 60 seconds
mapped 801944 bytes (783 KB) for 10 cores
*** Operational MODE: preforking ***
WSGI app 0 (mountpoint='') ready in 3 seconds on interpreter 0x5568ff267b80 pid: 555 (default app)
*** uWSGI is running in multiple interpreter mode ***
spawned uWSGI master process (pid: 555)
spawned uWSGI worker 1 (pid: 656, cores: 1)
spawned uWSGI worker 2 (pid: 657, cores: 1)
spawned uWSGI worker 3 (pid: 658, cores: 1)
spawned uWSGI worker 4 (pid: 659, cores: 1)
spawned uWSGI worker 5 (pid: 660, cores: 1)
spawned uWSGI worker 6 (pid: 661, cores: 1)
spawned uWSGI worker 7 (pid: 662, cores: 1)
spawned uWSGI worker 8 (pid: 663, cores: 1)
spawned uWSGI worker 9 (pid: 664, cores: 1)
spawned uWSGI worker 10 (pid: 665, cores: 1)
[pid: 663|app: 0|req: 1/1] 217.27.204.228 () {42 vars in 795 bytes} [Mon Feb  1 16:06:12 2021] GET / => generated 16351 bytes in 174 msecs (HTTP/1.1 200) 5 headers in 153 bytes (1 switches on core 0)
announcing my loyalty to the Emperor...
[pid: 665|app: 0|req: 1/2] 217.27.204.228 () {42 vars in 795 bytes} [Mon Feb  1 16:06:13 2021] GET / => generated 16351 bytes in 24 msecs (HTTP/1.1 200) 5 headers in 153 bytes (1 switches on core 0)
announcing my loyalty to the Emperor...
[pid: 658|app: 0|req: 1/3] 217.27.204.228 () {42 vars in 795 bytes} [Mon Feb  1 16:07:04 2021] GET / => generated 16351 bytes in 20 msecs (HTTP/1.1 200) 5 headers in 153 bytes (1 switches on core 0)
announcing my loyalty to the Emperor...
[pid: 665|app: 0|req: 2/4] 217.27.204.228 () {42 vars in 795 bytes} [Mon Feb  1 16:10:33 2021] GET / => generated 16351 bytes in 3 msecs (HTTP/1.1 200) 5 headers in 153 bytes (1 switches on core 0)
